<?xml version="1.0" encoding="UTF-8"?>
<testsuites name="jest tests" tests="8" failures="0" time="4.761">
  <testsuite name="Button" errors="0" failures="0" skipped="0" timestamp="2019-03-25T06:58:57" time="1.935" tests="1">
    <testcase classname="Button should be div " name="Button should be div " time="0.021">
    </testcase>
  </testsuite>
  <testsuite name="classes" errors="0" failures="0" skipped="0" timestamp="2019-03-25T06:58:57" time="2.024" tests="3">
    <testcase classname="classes 接受 aaa， 输出 aaa" name="classes 接受 aaa， 输出 aaa" time="0.023">
    </testcase>
    <testcase classname="classes 接受 undefined， 输出 空字符串" name="classes 接受 undefined， 输出 空字符串" time="0.001">
    </testcase>
    <testcase classname="classes 接受 false， 输出 空字符串" name="classes 接受 false， 输出 空字符串" time="0">
    </testcase>
  </testsuite>
  <testsuite name="Icon" errors="0" failures="0" skipped="0" timestamp="2019-03-25T06:58:57" time="2.123" tests="2">
    <testcase classname="Icon should be svg " name="Icon should be svg " time="0.022">
    </testcase>
    <testcase classname="Icon fn 被调用了" name="Icon fn 被调用了" time="0.049">
    </testcase>
  </testsuite>
  <testsuite name="undefined" errors="0" failures="0" skipped="0" timestamp="2019-03-25T06:58:59" time="0.354" tests="2">
    <testcase classname=" 1 + 1 = 2" name=" 1 + 1 = 2" time="0.003">
    </testcase>
    <testcase classname="hello2 should 1 = 1" name="hello2 should 1 = 1" time="0">
    </testcase>
  </testsuite>
</testsuites>